2025-07-04 15:49:32 - UNKNOWN - [background-preinit] INFO  o.h.validator.internal.util.Version:21 - HV000001: Hibernate Validator 8.0.2.Final
2025-07-04 15:49:32 - UNKNOWN - [restartedMain] INFO  c.l.gateway.ApiGatewayApplication:53 - Starting ApiGatewayApplication using Java 17.0.8 with PID 13484 (D:\java\Api-Gateway\build\classes\java\main started by ashis in D:\java\Api-Gateway)
2025-07-04 15:49:32 - UNKNOWN - [restartedMain] DEBUG c.l.gateway.ApiGatewayApplication:54 - Running with Spring Boot v3.5.3, Spring v6.2.8
2025-07-04 15:49:32 - UNKNOWN - [restartedMain] INFO  c.l.gateway.ApiGatewayApplication:652 - No active profile set, falling back to 1 default profile: "default"
2025-07-04 15:49:32 - UNKNOWN - [restartedMain] INFO  o.s.b.d.e.DevToolsPropertyDefaultsPostProcessor:252 - Devtools property defaults active! Set 'spring.devtools.add-properties' to 'false' to disable
2025-07-04 15:49:32 - UNKNOWN - [restartedMain] INFO  o.s.b.d.e.DevToolsPropertyDefaultsPostProcessor:252 - For additional web related logging consider setting the 'logging.level.web' property to 'DEBUG'
2025-07-04 15:49:35 - UNKNOWN - [restartedMain] INFO  o.s.d.r.c.RepositoryConfigurationDelegate:145 - Bootstrapping Spring Data MongoDB repositories in DEFAULT mode.
2025-07-04 15:49:35 - UNKNOWN - [restartedMain] INFO  o.s.d.r.c.RepositoryConfigurationDelegate:213 - Finished Spring Data repository scanning in 39 ms. Found 0 MongoDB repository interfaces.
2025-07-04 15:49:35 - UNKNOWN - [restartedMain] INFO  o.s.cloud.context.scope.GenericScope:280 - BeanFactory id=a77742ed-f2f0-3949-9196-24a3259b6147
2025-07-04 15:49:36 - UNKNOWN - [restartedMain] DEBUG c.l.gateway.config.MongoConfig:38 - MongoDB connection string: mongodb+srv://rachna_bharti:vXiJTE2lroaDdwa0@diagnostics.tlbmcml.mongodb.net/api-gateway?retryWrites=true&w=majority
2025-07-04 15:49:36 - UNKNOWN - [cluster-ClusterId{value='6867aab8c0294c08b3b5cf81', description='null'}-srv-diagnostics.tlbmcml.mongodb.net] INFO  org.mongodb.driver.cluster:71 - Adding discovered server ac-1ouplwk-shard-00-00.tlbmcml.mongodb.net:27017 to client view of cluster
2025-07-04 15:49:36 - UNKNOWN - [restartedMain] INFO  org.mongodb.driver.client:71 - MongoClient with metadata {"driver": {"name": "mongo-java-driver|sync", "version": "5.5.1"}, "os": {"type": "Windows", "name": "Windows 11", "architecture": "amd64", "version": "10.0"}, "platform": "Java/Azul Systems, Inc./17.0.8+7-LTS"} created with settings MongoClientSettings{readPreference=primary, writeConcern=WriteConcern{w=majority, wTimeout=null ms, journal=null}, retryWrites=true, retryReads=true, readConcern=ReadConcern{level=null}, credential=MongoCredential{mechanism=null, userName='rachna_bharti', source='admin', password=<hidden>, mechanismProperties=<hidden>}, transportSettings=null, commandListeners=[], codecRegistry=ProvidersCodecRegistry{codecProviders=[ValueCodecProvider{}, BsonValueCodecProvider{}, DBRefCodecProvider{}, DBObjectCodecProvider{}, DocumentCodecProvider{}, CollectionCodecProvider{}, IterableCodecProvider{}, MapCodecProvider{}, GeoJsonCodecProvider{}, GridFSFileCodecProvider{}, Jsr310CodecProvider{}, JsonObjectCodecProvider{}, BsonCodecProvider{}, EnumCodecProvider{}, com.mongodb.client.model.mql.ExpressionCodecProvider@693143eb, com.mongodb.Jep395RecordCodecProvider@3851b6ec, com.mongodb.KotlinCodecProvider@568325a4]}, loggerSettings=LoggerSettings{maxDocumentLength=1000}, clusterSettings={hosts=[127.0.0.1:27017], srvHost=diagnostics.tlbmcml.mongodb.net, srvServiceName=mongodb, mode=MULTIPLE, requiredClusterType=REPLICA_SET, requiredReplicaSetName='atlas-192ygx-shard-0', serverSelector='null', clusterListeners='[]', serverSelectionTimeout='30000 ms', localThreshold='15 ms'}, socketSettings=SocketSettings{connectTimeoutMS=10000, readTimeoutMS=0, receiveBufferSize=0, proxySettings=ProxySettings{host=null, port=null, username=null, password=null}}, heartbeatSocketSettings=SocketSettings{connectTimeoutMS=10000, readTimeoutMS=10000, receiveBufferSize=0, proxySettings=ProxySettings{host=null, port=null, username=null, password=null}}, connectionPoolSettings=ConnectionPoolSettings{maxSize=100, minSize=0, maxWaitTimeMS=120000, maxConnectionLifeTimeMS=0, maxConnectionIdleTimeMS=0, maintenanceInitialDelayMS=0, maintenanceFrequencyMS=60000, connectionPoolListeners=[], maxConnecting=2}, serverSettings=ServerSettings{heartbeatFrequencyMS=10000, minHeartbeatFrequencyMS=500, serverMonitoringMode=AUTO, serverListeners='[]', serverMonitorListeners='[]'}, sslSettings=SslSettings{enabled=true, invalidHostNameAllowed=false, context=null}, applicationName='null', compressorList=[], uuidRepresentation=UNSPECIFIED, serverApi=null, autoEncryptionSettings=null, dnsClient=null, inetAddressResolver=null, contextProvider=null, timeoutMS=null}
2025-07-04 15:49:36 - UNKNOWN - [cluster-ClusterId{value='6867aab8c0294c08b3b5cf81', description='null'}-srv-diagnostics.tlbmcml.mongodb.net] INFO  org.mongodb.driver.cluster:71 - Adding discovered server ac-1ouplwk-shard-00-01.tlbmcml.mongodb.net:27017 to client view of cluster
2025-07-04 15:49:36 - UNKNOWN - [cluster-ClusterId{value='6867aab8c0294c08b3b5cf81', description='null'}-srv-diagnostics.tlbmcml.mongodb.net] INFO  org.mongodb.driver.cluster:71 - Adding discovered server ac-1ouplwk-shard-00-02.tlbmcml.mongodb.net:27017 to client view of cluster
2025-07-04 15:49:37 - UNKNOWN - [cluster-ClusterId{value='6867aab8c0294c08b3b5cf81', description='null'}-ac-1ouplwk-shard-00-01.tlbmcml.mongodb.net:27017] INFO  org.mongodb.driver.cluster:71 - Monitor thread successfully connected to server with description ServerDescription{address=ac-1ouplwk-shard-00-01.tlbmcml.mongodb.net:27017, type=REPLICA_SET_PRIMARY, cryptd=false, state=CONNECTED, ok=true, minWireVersion=0, maxWireVersion=25, maxDocumentSize=16777216, logicalSessionTimeoutMinutes=30, roundTripTimeNanos=318283900, minRoundTripTimeNanos=0, setName='atlas-192ygx-shard-0', canonicalAddress=ac-1ouplwk-shard-00-01.tlbmcml.mongodb.net:27017, hosts=[ac-1ouplwk-shard-00-00.tlbmcml.mongodb.net:27017, ac-1ouplwk-shard-00-02.tlbmcml.mongodb.net:27017, ac-1ouplwk-shard-00-01.tlbmcml.mongodb.net:27017], passives=[], arbiters=[], primary='ac-1ouplwk-shard-00-01.tlbmcml.mongodb.net:27017', tagSet=TagSet{[Tag{name='availabilityZone', value='aps1-az3'}, Tag{name='diskState', value='READY'}, Tag{name='nodeType', value='ELECTABLE'}, Tag{name='provider', value='AWS'}, Tag{name='region', value='AP_SOUTH_1'}, Tag{name='workloadType', value='OPERATIONAL'}]}, electionId=7fffffff0000000000000025, setVersion=25, topologyVersion=TopologyVersion{processId=686692af79752e11767bf460, counter=6}, lastWriteDate=Fri Jul 04 15:49:37 IST 2025, lastUpdateTimeNanos=1472338536249000}
2025-07-04 15:49:37 - UNKNOWN - [cluster-ClusterId{value='6867aab8c0294c08b3b5cf81', description='null'}-ac-1ouplwk-shard-00-02.tlbmcml.mongodb.net:27017] INFO  org.mongodb.driver.cluster:71 - Monitor thread successfully connected to server with description ServerDescription{address=ac-1ouplwk-shard-00-02.tlbmcml.mongodb.net:27017, type=REPLICA_SET_SECONDARY, cryptd=false, state=CONNECTED, ok=true, minWireVersion=0, maxWireVersion=25, maxDocumentSize=16777216, logicalSessionTimeoutMinutes=30, roundTripTimeNanos=317778200, minRoundTripTimeNanos=0, setName='atlas-192ygx-shard-0', canonicalAddress=ac-1ouplwk-shard-00-02.tlbmcml.mongodb.net:27017, hosts=[ac-1ouplwk-shard-00-00.tlbmcml.mongodb.net:27017, ac-1ouplwk-shard-00-02.tlbmcml.mongodb.net:27017, ac-1ouplwk-shard-00-01.tlbmcml.mongodb.net:27017], passives=[], arbiters=[], primary='ac-1ouplwk-shard-00-01.tlbmcml.mongodb.net:27017', tagSet=TagSet{[Tag{name='availabilityZone', value='aps1-az2'}, Tag{name='diskState', value='READY'}, Tag{name='nodeType', value='ELECTABLE'}, Tag{name='provider', value='AWS'}, Tag{name='region', value='AP_SOUTH_1'}, Tag{name='workloadType', value='OPERATIONAL'}]}, electionId=null, setVersion=25, topologyVersion=TopologyVersion{processId=686695dd98a6c82f6e789276, counter=3}, lastWriteDate=Fri Jul 04 15:49:37 IST 2025, lastUpdateTimeNanos=1472338536248900}
2025-07-04 15:49:37 - UNKNOWN - [cluster-ClusterId{value='6867aab8c0294c08b3b5cf81', description='null'}-ac-1ouplwk-shard-00-00.tlbmcml.mongodb.net:27017] INFO  org.mongodb.driver.cluster:71 - Monitor thread successfully connected to server with description ServerDescription{address=ac-1ouplwk-shard-00-00.tlbmcml.mongodb.net:27017, type=REPLICA_SET_SECONDARY, cryptd=false, state=CONNECTED, ok=true, minWireVersion=0, maxWireVersion=25, maxDocumentSize=16777216, logicalSessionTimeoutMinutes=30, roundTripTimeNanos=318283400, minRoundTripTimeNanos=0, setName='atlas-192ygx-shard-0', canonicalAddress=ac-1ouplwk-shard-00-00.tlbmcml.mongodb.net:27017, hosts=[ac-1ouplwk-shard-00-00.tlbmcml.mongodb.net:27017, ac-1ouplwk-shard-00-02.tlbmcml.mongodb.net:27017, ac-1ouplwk-shard-00-01.tlbmcml.mongodb.net:27017], passives=[], arbiters=[], primary='ac-1ouplwk-shard-00-01.tlbmcml.mongodb.net:27017', tagSet=TagSet{[Tag{name='availabilityZone', value='aps1-az1'}, Tag{name='diskState', value='READY'}, Tag{name='nodeType', value='ELECTABLE'}, Tag{name='provider', value='AWS'}, Tag{name='region', value='AP_SOUTH_1'}, Tag{name='workloadType', value='OPERATIONAL'}]}, electionId=null, setVersion=25, topologyVersion=TopologyVersion{processId=6866909e6c2980bff51e896a, counter=4}, lastWriteDate=Fri Jul 04 15:49:37 IST 2025, lastUpdateTimeNanos=1472338536249000}
2025-07-04 15:49:37 - UNKNOWN - [cluster-ClusterId{value='6867aab8c0294c08b3b5cf81', description='null'}-ac-1ouplwk-shard-00-01.tlbmcml.mongodb.net:27017] INFO  org.mongodb.driver.cluster:71 - Discovered replica set primary ac-1ouplwk-shard-00-01.tlbmcml.mongodb.net:27017 with max election id 7fffffff0000000000000025 and max set version 25
2025-07-04 15:49:37 - UNKNOWN - [restartedMain] DEBUG c.l.gateway.config.SecurityConfig:32 - Configuring security for the API Gateway
2025-07-04 15:49:38 - UNKNOWN - [restartedMain] INFO  o.s.c.g.r.RouteDefinitionRouteLocator:89 - Loaded RoutePredicateFactory [After]
2025-07-04 15:49:38 - UNKNOWN - [restartedMain] INFO  o.s.c.g.r.RouteDefinitionRouteLocator:89 - Loaded RoutePredicateFactory [Before]
2025-07-04 15:49:38 - UNKNOWN - [restartedMain] INFO  o.s.c.g.r.RouteDefinitionRouteLocator:89 - Loaded RoutePredicateFactory [Between]
2025-07-04 15:49:38 - UNKNOWN - [restartedMain] INFO  o.s.c.g.r.RouteDefinitionRouteLocator:89 - Loaded RoutePredicateFactory [Cookie]
2025-07-04 15:49:38 - UNKNOWN - [restartedMain] INFO  o.s.c.g.r.RouteDefinitionRouteLocator:89 - Loaded RoutePredicateFactory [Header]
2025-07-04 15:49:38 - UNKNOWN - [restartedMain] INFO  o.s.c.g.r.RouteDefinitionRouteLocator:89 - Loaded RoutePredicateFactory [Host]
2025-07-04 15:49:38 - UNKNOWN - [restartedMain] INFO  o.s.c.g.r.RouteDefinitionRouteLocator:89 - Loaded RoutePredicateFactory [Method]
2025-07-04 15:49:38 - UNKNOWN - [restartedMain] INFO  o.s.c.g.r.RouteDefinitionRouteLocator:89 - Loaded RoutePredicateFactory [Path]
2025-07-04 15:49:38 - UNKNOWN - [restartedMain] INFO  o.s.c.g.r.RouteDefinitionRouteLocator:89 - Loaded RoutePredicateFactory [Query]
2025-07-04 15:49:38 - UNKNOWN - [restartedMain] INFO  o.s.c.g.r.RouteDefinitionRouteLocator:89 - Loaded RoutePredicateFactory [ReadBody]
2025-07-04 15:49:38 - UNKNOWN - [restartedMain] INFO  o.s.c.g.r.RouteDefinitionRouteLocator:89 - Loaded RoutePredicateFactory [RemoteAddr]
2025-07-04 15:49:38 - UNKNOWN - [restartedMain] INFO  o.s.c.g.r.RouteDefinitionRouteLocator:89 - Loaded RoutePredicateFactory [XForwardedRemoteAddr]
2025-07-04 15:49:38 - UNKNOWN - [restartedMain] INFO  o.s.c.g.r.RouteDefinitionRouteLocator:89 - Loaded RoutePredicateFactory [Weight]
2025-07-04 15:49:38 - UNKNOWN - [restartedMain] INFO  o.s.c.g.r.RouteDefinitionRouteLocator:89 - Loaded RoutePredicateFactory [CloudFoundryRouteService]
2025-07-04 15:49:39 - UNKNOWN - [restartedMain] WARN  o.s.b.d.a.OptionalLiveReloadServer:62 - Unable to start LiveReload server
2025-07-04 15:49:39 - UNKNOWN - [restartedMain] INFO  o.s.b.w.e.netty.NettyWebServer:126 - Netty started on port 8080 (http)
2025-07-04 15:49:39 - UNKNOWN - [restartedMain] INFO  c.l.gateway.ApiGatewayApplication:59 - Started ApiGatewayApplication in 8.519 seconds (process running for 9.644)
2025-07-04 15:50:15 - UNKNOWN - [reactor-http-nio-3] DEBUG c.l.g.f.PreGlobalHeaderInjectionFilter:27 - PreGlobalHeaderInjectionFilter is invoked for request: http://localhost:8080/api/v1/auth/login
2025-07-04 15:50:15 - bff1064e-8853-42bc-8713-8a41ed22a32d - [reactor-http-nio-3] DEBUG c.l.g.f.PreGlobalHeaderInjectionFilter:43 - Injected header X-Tracking-Id with value bff1064e-8853-42bc-8713-8a41ed22a32d into the request
2025-07-04 15:50:15 - bff1064e-8853-42bc-8713-8a41ed22a32d - [reactor-http-nio-3] DEBUG c.l.g.f.JwtAuthenticationConverter:18 - JwtAuthenticationConverter is invoked for request: http://localhost:8080/api/v1/auth/login
2025-07-04 15:50:15 - bff1064e-8853-42bc-8713-8a41ed22a32d - [reactor-http-nio-3] DEBUG c.l.g.f.JwtHeaderAugmentationFilter:22 - JwtHeaderAugmentationFilter is invoked for request: http://localhost:8080/api/v1/auth/login
2025-07-04 15:50:16 - UNKNOWN - [parallel-1] DEBUG c.l.g.f.JwtAuthenticationConverter:18 - JwtAuthenticationConverter is invoked for request: http://localhost:8080/api/v1/auth/login
2025-07-04 15:50:16 - UNKNOWN - [parallel-1] DEBUG c.l.g.f.JwtHeaderAugmentationFilter:22 - JwtHeaderAugmentationFilter is invoked for request: http://localhost:8080/api/v1/auth/login
2025-07-04 15:50:20 - bff1064e-8853-42bc-8713-8a41ed22a32d - [reactor-http-nio-3] DEBUG c.l.g.f.PreGlobalHeaderInjectionFilter:27 - PreGlobalHeaderInjectionFilter is invoked for request: http://localhost:8080/api/v1/auth/login
2025-07-04 15:50:20 - 5f71d4e6-f348-4ae9-a45c-50c1315ca902 - [reactor-http-nio-3] DEBUG c.l.g.f.PreGlobalHeaderInjectionFilter:43 - Injected header X-Tracking-Id with value 5f71d4e6-f348-4ae9-a45c-50c1315ca902 into the request
2025-07-04 15:50:20 - 5f71d4e6-f348-4ae9-a45c-50c1315ca902 - [reactor-http-nio-3] DEBUG c.l.g.f.JwtAuthenticationConverter:18 - JwtAuthenticationConverter is invoked for request: http://localhost:8080/api/v1/auth/login
2025-07-04 15:50:20 - 5f71d4e6-f348-4ae9-a45c-50c1315ca902 - [reactor-http-nio-3] DEBUG c.l.g.f.JwtHeaderAugmentationFilter:22 - JwtHeaderAugmentationFilter is invoked for request: http://localhost:8080/api/v1/auth/login
2025-07-04 15:50:20 - UNKNOWN - [parallel-2] DEBUG c.l.g.f.JwtAuthenticationConverter:18 - JwtAuthenticationConverter is invoked for request: http://localhost:8080/api/v1/auth/login
2025-07-04 15:50:20 - UNKNOWN - [parallel-2] DEBUG c.l.g.f.JwtHeaderAugmentationFilter:22 - JwtHeaderAugmentationFilter is invoked for request: http://localhost:8080/api/v1/auth/login
2025-07-04 17:40:16 - UNKNOWN - [cluster-ClusterId{value='6867aab8c0294c08b3b5cf81', description='null'}-ac-1ouplwk-shard-00-02.tlbmcml.mongodb.net:27017] INFO  org.mongodb.driver.cluster:76 - Exception in monitor thread while connecting to server ac-1ouplwk-shard-00-02.tlbmcml.mongodb.net:27017
com.mongodb.MongoSocketReadException: Exception receiving message
	at com.mongodb.internal.connection.InternalStreamConnection.translateReadException(InternalStreamConnection.java:809)
	at com.mongodb.internal.connection.InternalStreamConnection.receiveResponseBuffers(InternalStreamConnection.java:857)
	at com.mongodb.internal.connection.InternalStreamConnection.receiveCommandMessageResponse(InternalStreamConnection.java:517)
	at com.mongodb.internal.connection.InternalStreamConnection.receive(InternalStreamConnection.java:469)
	at com.mongodb.internal.connection.DefaultServerMonitor$ServerMonitor.lookupServerDescription(DefaultServerMonitor.java:249)
	at com.mongodb.internal.connection.DefaultServerMonitor$ServerMonitor.run(DefaultServerMonitor.java:176)
Caused by: java.net.SocketException: Connection reset
	at java.base/sun.nio.ch.NioSocketImpl.implRead(NioSocketImpl.java:328)
	at java.base/sun.nio.ch.NioSocketImpl.read(NioSocketImpl.java:355)
	at java.base/sun.nio.ch.NioSocketImpl$1.read(NioSocketImpl.java:808)
	at java.base/java.net.Socket$SocketInputStream.read(Socket.java:976)
	at java.base/sun.security.ssl.SSLSocketInputRecord.read(SSLSocketInputRecord.java:484)
	at java.base/sun.security.ssl.SSLSocketInputRecord.readHeader(SSLSocketInputRecord.java:478)
	at java.base/sun.security.ssl.SSLSocketInputRecord.bytesInCompletePacket(SSLSocketInputRecord.java:70)
	at java.base/sun.security.ssl.SSLSocketImpl.readApplicationRecord(SSLSocketImpl.java:1465)
	at java.base/sun.security.ssl.SSLSocketImpl$AppInputStream.read(SSLSocketImpl.java:1069)
	at com.mongodb.internal.connection.SocketStream.read(SocketStream.java:182)
	at com.mongodb.internal.connection.InternalStreamConnection.receiveResponseBuffers(InternalStreamConnection.java:824)
	... 4 common frames omitted
2025-07-04 17:40:16 - UNKNOWN - [cluster-ClusterId{value='6867aab8c0294c08b3b5cf81', description='null'}-ac-1ouplwk-shard-00-02.tlbmcml.mongodb.net:27017] INFO  org.mongodb.driver.cluster:76 - Exception in monitor thread while connecting to server ac-1ouplwk-shard-00-02.tlbmcml.mongodb.net:27017
com.mongodb.MongoSocketException: No such host is known (ac-1ouplwk-shard-00-02.tlbmcml.mongodb.net)
	at com.mongodb.internal.connection.ServerAddressHelper.getSocketAddresses(ServerAddressHelper.java:75)
	at com.mongodb.internal.connection.SocketStream.initializeSocket(SocketStream.java:100)
	at com.mongodb.internal.connection.SocketStream.open(SocketStream.java:79)
	at com.mongodb.internal.connection.InternalStreamConnection.open(InternalStreamConnection.java:233)
	at com.mongodb.internal.connection.DefaultServerMonitor$ServerMonitor.lookupServerDescription(DefaultServerMonitor.java:219)
	at com.mongodb.internal.connection.DefaultServerMonitor$ServerMonitor.run(DefaultServerMonitor.java:176)
Caused by: java.net.UnknownHostException: No such host is known (ac-1ouplwk-shard-00-02.tlbmcml.mongodb.net)
	at java.base/java.net.Inet6AddressImpl.lookupAllHostAddr(Native Method)
	at java.base/java.net.InetAddress$PlatformNameService.lookupAllHostAddr(InetAddress.java:934)
	at java.base/java.net.InetAddress.getAddressesFromNameService(InetAddress.java:1543)
	at java.base/java.net.InetAddress$NameServiceAddresses.get(InetAddress.java:852)
	at java.base/java.net.InetAddress.getAllByName0(InetAddress.java:1533)
	at java.base/java.net.InetAddress.getAllByName(InetAddress.java:1385)
	at java.base/java.net.InetAddress.getAllByName(InetAddress.java:1306)
	at com.mongodb.internal.connection.DefaultInetAddressResolver.lookupByName(DefaultInetAddressResolver.java:34)
	at com.mongodb.internal.connection.ServerAddressHelper.getSocketAddresses(ServerAddressHelper.java:71)
	... 5 common frames omitted
2025-07-04 17:40:16 - UNKNOWN - [cluster-ClusterId{value='6867aab8c0294c08b3b5cf81', description='null'}-ac-1ouplwk-shard-00-00.tlbmcml.mongodb.net:27017] INFO  org.mongodb.driver.cluster:76 - Exception in monitor thread while connecting to server ac-1ouplwk-shard-00-00.tlbmcml.mongodb.net:27017
com.mongodb.MongoSocketReadException: Exception receiving message
	at com.mongodb.internal.connection.InternalStreamConnection.translateReadException(InternalStreamConnection.java:809)
	at com.mongodb.internal.connection.InternalStreamConnection.receiveResponseBuffers(InternalStreamConnection.java:857)
	at com.mongodb.internal.connection.InternalStreamConnection.receiveCommandMessageResponse(InternalStreamConnection.java:517)
	at com.mongodb.internal.connection.InternalStreamConnection.receive(InternalStreamConnection.java:469)
	at com.mongodb.internal.connection.DefaultServerMonitor$ServerMonitor.lookupServerDescription(DefaultServerMonitor.java:249)
	at com.mongodb.internal.connection.DefaultServerMonitor$ServerMonitor.run(DefaultServerMonitor.java:176)
Caused by: java.net.SocketException: Connection reset
	at java.base/sun.nio.ch.NioSocketImpl.implRead(NioSocketImpl.java:328)
	at java.base/sun.nio.ch.NioSocketImpl.read(NioSocketImpl.java:355)
	at java.base/sun.nio.ch.NioSocketImpl$1.read(NioSocketImpl.java:808)
	at java.base/java.net.Socket$SocketInputStream.read(Socket.java:976)
	at java.base/sun.security.ssl.SSLSocketInputRecord.read(SSLSocketInputRecord.java:484)
	at java.base/sun.security.ssl.SSLSocketInputRecord.readHeader(SSLSocketInputRecord.java:478)
	at java.base/sun.security.ssl.SSLSocketInputRecord.bytesInCompletePacket(SSLSocketInputRecord.java:70)
	at java.base/sun.security.ssl.SSLSocketImpl.readApplicationRecord(SSLSocketImpl.java:1465)
	at java.base/sun.security.ssl.SSLSocketImpl$AppInputStream.read(SSLSocketImpl.java:1069)
	at com.mongodb.internal.connection.SocketStream.read(SocketStream.java:182)
	at com.mongodb.internal.connection.InternalStreamConnection.receiveResponseBuffers(InternalStreamConnection.java:824)
	... 4 common frames omitted
2025-07-04 17:40:16 - UNKNOWN - [cluster-ClusterId{value='6867aab8c0294c08b3b5cf81', description='null'}-ac-1ouplwk-shard-00-01.tlbmcml.mongodb.net:27017] INFO  org.mongodb.driver.cluster:76 - Exception in monitor thread while connecting to server ac-1ouplwk-shard-00-01.tlbmcml.mongodb.net:27017
com.mongodb.MongoSocketReadException: Exception receiving message
	at com.mongodb.internal.connection.InternalStreamConnection.translateReadException(InternalStreamConnection.java:809)
	at com.mongodb.internal.connection.InternalStreamConnection.receiveResponseBuffers(InternalStreamConnection.java:857)
	at com.mongodb.internal.connection.InternalStreamConnection.receiveCommandMessageResponse(InternalStreamConnection.java:517)
	at com.mongodb.internal.connection.InternalStreamConnection.receive(InternalStreamConnection.java:469)
	at com.mongodb.internal.connection.DefaultServerMonitor$ServerMonitor.lookupServerDescription(DefaultServerMonitor.java:249)
	at com.mongodb.internal.connection.DefaultServerMonitor$ServerMonitor.run(DefaultServerMonitor.java:176)
Caused by: java.net.SocketException: Connection reset
	at java.base/sun.nio.ch.NioSocketImpl.implRead(NioSocketImpl.java:328)
	at java.base/sun.nio.ch.NioSocketImpl.read(NioSocketImpl.java:355)
	at java.base/sun.nio.ch.NioSocketImpl$1.read(NioSocketImpl.java:808)
	at java.base/java.net.Socket$SocketInputStream.read(Socket.java:976)
	at java.base/sun.security.ssl.SSLSocketInputRecord.read(SSLSocketInputRecord.java:484)
	at java.base/sun.security.ssl.SSLSocketInputRecord.readHeader(SSLSocketInputRecord.java:478)
	at java.base/sun.security.ssl.SSLSocketInputRecord.bytesInCompletePacket(SSLSocketInputRecord.java:70)
	at java.base/sun.security.ssl.SSLSocketImpl.readApplicationRecord(SSLSocketImpl.java:1465)
	at java.base/sun.security.ssl.SSLSocketImpl$AppInputStream.read(SSLSocketImpl.java:1069)
	at com.mongodb.internal.connection.SocketStream.read(SocketStream.java:182)
	at com.mongodb.internal.connection.InternalStreamConnection.receiveResponseBuffers(InternalStreamConnection.java:824)
	... 4 common frames omitted
2025-07-04 17:40:17 - UNKNOWN - [cluster-ClusterId{value='6867aab8c0294c08b3b5cf81', description='null'}-ac-1ouplwk-shard-00-00.tlbmcml.mongodb.net:27017] INFO  org.mongodb.driver.cluster:76 - Exception in monitor thread while connecting to server ac-1ouplwk-shard-00-00.tlbmcml.mongodb.net:27017
com.mongodb.MongoSocketException: No such host is known (ac-1ouplwk-shard-00-00.tlbmcml.mongodb.net)
	at com.mongodb.internal.connection.ServerAddressHelper.getSocketAddresses(ServerAddressHelper.java:75)
	at com.mongodb.internal.connection.SocketStream.initializeSocket(SocketStream.java:100)
	at com.mongodb.internal.connection.SocketStream.open(SocketStream.java:79)
	at com.mongodb.internal.connection.InternalStreamConnection.open(InternalStreamConnection.java:233)
	at com.mongodb.internal.connection.DefaultServerMonitor$ServerMonitor.lookupServerDescription(DefaultServerMonitor.java:219)
	at com.mongodb.internal.connection.DefaultServerMonitor$ServerMonitor.run(DefaultServerMonitor.java:176)
Caused by: java.net.UnknownHostException: No such host is known (ac-1ouplwk-shard-00-00.tlbmcml.mongodb.net)
	at java.base/java.net.Inet6AddressImpl.lookupAllHostAddr(Native Method)
	at java.base/java.net.InetAddress$PlatformNameService.lookupAllHostAddr(InetAddress.java:934)
	at java.base/java.net.InetAddress.getAddressesFromNameService(InetAddress.java:1543)
	at java.base/java.net.InetAddress$NameServiceAddresses.get(InetAddress.java:852)
	at java.base/java.net.InetAddress.getAllByName0(InetAddress.java:1533)
	at java.base/java.net.InetAddress.getAllByName(InetAddress.java:1385)
	at java.base/java.net.InetAddress.getAllByName(InetAddress.java:1306)
	at com.mongodb.internal.connection.DefaultInetAddressResolver.lookupByName(DefaultInetAddressResolver.java:34)
	at com.mongodb.internal.connection.ServerAddressHelper.getSocketAddresses(ServerAddressHelper.java:71)
	... 5 common frames omitted
2025-07-04 17:40:17 - UNKNOWN - [cluster-ClusterId{value='6867aab8c0294c08b3b5cf81', description='null'}-ac-1ouplwk-shard-00-01.tlbmcml.mongodb.net:27017] INFO  org.mongodb.driver.cluster:76 - Exception in monitor thread while connecting to server ac-1ouplwk-shard-00-01.tlbmcml.mongodb.net:27017
com.mongodb.MongoSocketException: No such host is known (ac-1ouplwk-shard-00-01.tlbmcml.mongodb.net)
	at com.mongodb.internal.connection.ServerAddressHelper.getSocketAddresses(ServerAddressHelper.java:75)
	at com.mongodb.internal.connection.SocketStream.initializeSocket(SocketStream.java:100)
	at com.mongodb.internal.connection.SocketStream.open(SocketStream.java:79)
	at com.mongodb.internal.connection.InternalStreamConnection.open(InternalStreamConnection.java:233)
	at com.mongodb.internal.connection.DefaultServerMonitor$ServerMonitor.lookupServerDescription(DefaultServerMonitor.java:219)
	at com.mongodb.internal.connection.DefaultServerMonitor$ServerMonitor.run(DefaultServerMonitor.java:176)
Caused by: java.net.UnknownHostException: No such host is known (ac-1ouplwk-shard-00-01.tlbmcml.mongodb.net)
	at java.base/java.net.Inet6AddressImpl.lookupAllHostAddr(Native Method)
	at java.base/java.net.InetAddress$PlatformNameService.lookupAllHostAddr(InetAddress.java:934)
	at java.base/java.net.InetAddress.getAddressesFromNameService(InetAddress.java:1543)
	at java.base/java.net.InetAddress$NameServiceAddresses.get(InetAddress.java:852)
	at java.base/java.net.InetAddress.getAllByName0(InetAddress.java:1533)
	at java.base/java.net.InetAddress.getAllByName(InetAddress.java:1385)
	at java.base/java.net.InetAddress.getAllByName(InetAddress.java:1306)
	at com.mongodb.internal.connection.DefaultInetAddressResolver.lookupByName(DefaultInetAddressResolver.java:34)
	at com.mongodb.internal.connection.ServerAddressHelper.getSocketAddresses(ServerAddressHelper.java:71)
	... 5 common frames omitted
2025-07-04 17:40:27 - UNKNOWN - [cluster-ClusterId{value='6867aab8c0294c08b3b5cf81', description='null'}-ac-1ouplwk-shard-00-02.tlbmcml.mongodb.net:27017] INFO  org.mongodb.driver.cluster:71 - Monitor thread successfully connected to server with description ServerDescription{address=ac-1ouplwk-shard-00-02.tlbmcml.mongodb.net:27017, type=REPLICA_SET_SECONDARY, cryptd=false, state=CONNECTED, ok=true, minWireVersion=0, maxWireVersion=25, maxDocumentSize=16777216, logicalSessionTimeoutMinutes=30, roundTripTimeNanos=155362300, minRoundTripTimeNanos=0, setName='atlas-192ygx-shard-0', canonicalAddress=ac-1ouplwk-shard-00-02.tlbmcml.mongodb.net:27017, hosts=[ac-1ouplwk-shard-00-00.tlbmcml.mongodb.net:27017, ac-1ouplwk-shard-00-02.tlbmcml.mongodb.net:27017, ac-1ouplwk-shard-00-01.tlbmcml.mongodb.net:27017], passives=[], arbiters=[], primary='ac-1ouplwk-shard-00-01.tlbmcml.mongodb.net:27017', tagSet=TagSet{[Tag{name='availabilityZone', value='aps1-az2'}, Tag{name='diskState', value='READY'}, Tag{name='nodeType', value='ELECTABLE'}, Tag{name='provider', value='AWS'}, Tag{name='region', value='AP_SOUTH_1'}, Tag{name='workloadType', value='OPERATIONAL'}]}, electionId=null, setVersion=25, topologyVersion=TopologyVersion{processId=686695dd98a6c82f6e789276, counter=3}, lastWriteDate=Fri Jul 04 17:40:25 IST 2025, lastUpdateTimeNanos=1478988150371200}
2025-07-04 17:40:27 - UNKNOWN - [cluster-ClusterId{value='6867aab8c0294c08b3b5cf81', description='null'}-ac-1ouplwk-shard-00-00.tlbmcml.mongodb.net:27017] INFO  org.mongodb.driver.cluster:71 - Monitor thread successfully connected to server with description ServerDescription{address=ac-1ouplwk-shard-00-00.tlbmcml.mongodb.net:27017, type=REPLICA_SET_SECONDARY, cryptd=false, state=CONNECTED, ok=true, minWireVersion=0, maxWireVersion=25, maxDocumentSize=16777216, logicalSessionTimeoutMinutes=30, roundTripTimeNanos=132224100, minRoundTripTimeNanos=0, setName='atlas-192ygx-shard-0', canonicalAddress=ac-1ouplwk-shard-00-00.tlbmcml.mongodb.net:27017, hosts=[ac-1ouplwk-shard-00-00.tlbmcml.mongodb.net:27017, ac-1ouplwk-shard-00-02.tlbmcml.mongodb.net:27017, ac-1ouplwk-shard-00-01.tlbmcml.mongodb.net:27017], passives=[], arbiters=[], primary='ac-1ouplwk-shard-00-01.tlbmcml.mongodb.net:27017', tagSet=TagSet{[Tag{name='availabilityZone', value='aps1-az1'}, Tag{name='diskState', value='READY'}, Tag{name='nodeType', value='ELECTABLE'}, Tag{name='provider', value='AWS'}, Tag{name='region', value='AP_SOUTH_1'}, Tag{name='workloadType', value='OPERATIONAL'}]}, electionId=null, setVersion=25, topologyVersion=TopologyVersion{processId=6866909e6c2980bff51e896a, counter=4}, lastWriteDate=Fri Jul 04 17:40:25 IST 2025, lastUpdateTimeNanos=1478988150366700}
2025-07-04 17:40:27 - UNKNOWN - [cluster-ClusterId{value='6867aab8c0294c08b3b5cf81', description='null'}-ac-1ouplwk-shard-00-01.tlbmcml.mongodb.net:27017] INFO  org.mongodb.driver.cluster:71 - Monitor thread successfully connected to server with description ServerDescription{address=ac-1ouplwk-shard-00-01.tlbmcml.mongodb.net:27017, type=REPLICA_SET_PRIMARY, cryptd=false, state=CONNECTED, ok=true, minWireVersion=0, maxWireVersion=25, maxDocumentSize=16777216, logicalSessionTimeoutMinutes=30, roundTripTimeNanos=136636300, minRoundTripTimeNanos=0, setName='atlas-192ygx-shard-0', canonicalAddress=ac-1ouplwk-shard-00-01.tlbmcml.mongodb.net:27017, hosts=[ac-1ouplwk-shard-00-00.tlbmcml.mongodb.net:27017, ac-1ouplwk-shard-00-02.tlbmcml.mongodb.net:27017, ac-1ouplwk-shard-00-01.tlbmcml.mongodb.net:27017], passives=[], arbiters=[], primary='ac-1ouplwk-shard-00-01.tlbmcml.mongodb.net:27017', tagSet=TagSet{[Tag{name='availabilityZone', value='aps1-az3'}, Tag{name='diskState', value='READY'}, Tag{name='nodeType', value='ELECTABLE'}, Tag{name='provider', value='AWS'}, Tag{name='region', value='AP_SOUTH_1'}, Tag{name='workloadType', value='OPERATIONAL'}]}, electionId=7fffffff0000000000000025, setVersion=25, topologyVersion=TopologyVersion{processId=686692af79752e11767bf460, counter=6}, lastWriteDate=Fri Jul 04 17:40:25 IST 2025, lastUpdateTimeNanos=1478988235878200}
2025-07-04 17:40:27 - UNKNOWN - [cluster-ClusterId{value='6867aab8c0294c08b3b5cf81', description='null'}-ac-1ouplwk-shard-00-01.tlbmcml.mongodb.net:27017] INFO  org.mongodb.driver.cluster:71 - Discovered replica set primary ac-1ouplwk-shard-00-01.tlbmcml.mongodb.net:27017 with max election id 7fffffff0000000000000025 and max set version 25
2025-07-04 20:19:32 - UNKNOWN - [cluster-ClusterId{value='6867aab8c0294c08b3b5cf81', description='null'}-ac-1ouplwk-shard-00-02.tlbmcml.mongodb.net:27017] INFO  org.mongodb.driver.cluster:76 - Exception in monitor thread while connecting to server ac-1ouplwk-shard-00-02.tlbmcml.mongodb.net:27017
com.mongodb.MongoSocketReadException: Exception receiving message
	at com.mongodb.internal.connection.InternalStreamConnection.translateReadException(InternalStreamConnection.java:809)
	at com.mongodb.internal.connection.InternalStreamConnection.receiveResponseBuffers(InternalStreamConnection.java:857)
	at com.mongodb.internal.connection.InternalStreamConnection.receiveCommandMessageResponse(InternalStreamConnection.java:517)
	at com.mongodb.internal.connection.InternalStreamConnection.receive(InternalStreamConnection.java:469)
	at com.mongodb.internal.connection.DefaultServerMonitor$ServerMonitor.lookupServerDescription(DefaultServerMonitor.java:249)
	at com.mongodb.internal.connection.DefaultServerMonitor$ServerMonitor.run(DefaultServerMonitor.java:176)
Caused by: java.net.SocketException: Connection reset
	at java.base/sun.nio.ch.NioSocketImpl.implRead(NioSocketImpl.java:328)
	at java.base/sun.nio.ch.NioSocketImpl.read(NioSocketImpl.java:355)
	at java.base/sun.nio.ch.NioSocketImpl$1.read(NioSocketImpl.java:808)
	at java.base/java.net.Socket$SocketInputStream.read(Socket.java:976)
	at java.base/sun.security.ssl.SSLSocketInputRecord.read(SSLSocketInputRecord.java:484)
	at java.base/sun.security.ssl.SSLSocketInputRecord.readHeader(SSLSocketInputRecord.java:478)
	at java.base/sun.security.ssl.SSLSocketInputRecord.bytesInCompletePacket(SSLSocketInputRecord.java:70)
	at java.base/sun.security.ssl.SSLSocketImpl.readApplicationRecord(SSLSocketImpl.java:1465)
	at java.base/sun.security.ssl.SSLSocketImpl$AppInputStream.read(SSLSocketImpl.java:1069)
	at com.mongodb.internal.connection.SocketStream.read(SocketStream.java:182)
	at com.mongodb.internal.connection.InternalStreamConnection.receiveResponseBuffers(InternalStreamConnection.java:824)
	... 4 common frames omitted
2025-07-04 20:19:32 - UNKNOWN - [cluster-ClusterId{value='6867aab8c0294c08b3b5cf81', description='null'}-ac-1ouplwk-shard-00-02.tlbmcml.mongodb.net:27017] INFO  org.mongodb.driver.cluster:76 - Exception in monitor thread while connecting to server ac-1ouplwk-shard-00-02.tlbmcml.mongodb.net:27017
com.mongodb.MongoSocketException: No such host is known (ac-1ouplwk-shard-00-02.tlbmcml.mongodb.net)
	at com.mongodb.internal.connection.ServerAddressHelper.getSocketAddresses(ServerAddressHelper.java:75)
	at com.mongodb.internal.connection.SocketStream.initializeSocket(SocketStream.java:100)
	at com.mongodb.internal.connection.SocketStream.open(SocketStream.java:79)
	at com.mongodb.internal.connection.InternalStreamConnection.open(InternalStreamConnection.java:233)
	at com.mongodb.internal.connection.DefaultServerMonitor$ServerMonitor.lookupServerDescription(DefaultServerMonitor.java:219)
	at com.mongodb.internal.connection.DefaultServerMonitor$ServerMonitor.run(DefaultServerMonitor.java:176)
Caused by: java.net.UnknownHostException: No such host is known (ac-1ouplwk-shard-00-02.tlbmcml.mongodb.net)
	at java.base/java.net.Inet6AddressImpl.lookupAllHostAddr(Native Method)
	at java.base/java.net.InetAddress$PlatformNameService.lookupAllHostAddr(InetAddress.java:934)
	at java.base/java.net.InetAddress.getAddressesFromNameService(InetAddress.java:1543)
	at java.base/java.net.InetAddress$NameServiceAddresses.get(InetAddress.java:852)
	at java.base/java.net.InetAddress.getAllByName0(InetAddress.java:1533)
	at java.base/java.net.InetAddress.getAllByName(InetAddress.java:1385)
	at java.base/java.net.InetAddress.getAllByName(InetAddress.java:1306)
	at com.mongodb.internal.connection.DefaultInetAddressResolver.lookupByName(DefaultInetAddressResolver.java:34)
	at com.mongodb.internal.connection.ServerAddressHelper.getSocketAddresses(ServerAddressHelper.java:71)
	... 5 common frames omitted
2025-07-04 20:19:32 - UNKNOWN - [cluster-ClusterId{value='6867aab8c0294c08b3b5cf81', description='null'}-ac-1ouplwk-shard-00-01.tlbmcml.mongodb.net:27017] INFO  org.mongodb.driver.cluster:76 - Exception in monitor thread while connecting to server ac-1ouplwk-shard-00-01.tlbmcml.mongodb.net:27017
com.mongodb.MongoSocketReadException: Exception receiving message
	at com.mongodb.internal.connection.InternalStreamConnection.translateReadException(InternalStreamConnection.java:809)
	at com.mongodb.internal.connection.InternalStreamConnection.receiveResponseBuffers(InternalStreamConnection.java:857)
	at com.mongodb.internal.connection.InternalStreamConnection.receiveCommandMessageResponse(InternalStreamConnection.java:517)
	at com.mongodb.internal.connection.InternalStreamConnection.receive(InternalStreamConnection.java:469)
	at com.mongodb.internal.connection.DefaultServerMonitor$ServerMonitor.lookupServerDescription(DefaultServerMonitor.java:249)
	at com.mongodb.internal.connection.DefaultServerMonitor$ServerMonitor.run(DefaultServerMonitor.java:176)
Caused by: java.net.SocketException: Connection reset
	at java.base/sun.nio.ch.NioSocketImpl.implRead(NioSocketImpl.java:328)
	at java.base/sun.nio.ch.NioSocketImpl.read(NioSocketImpl.java:355)
	at java.base/sun.nio.ch.NioSocketImpl$1.read(NioSocketImpl.java:808)
	at java.base/java.net.Socket$SocketInputStream.read(Socket.java:976)
	at java.base/sun.security.ssl.SSLSocketInputRecord.read(SSLSocketInputRecord.java:484)
	at java.base/sun.security.ssl.SSLSocketInputRecord.readHeader(SSLSocketInputRecord.java:478)
	at java.base/sun.security.ssl.SSLSocketInputRecord.bytesInCompletePacket(SSLSocketInputRecord.java:70)
	at java.base/sun.security.ssl.SSLSocketImpl.readApplicationRecord(SSLSocketImpl.java:1465)
	at java.base/sun.security.ssl.SSLSocketImpl$AppInputStream.read(SSLSocketImpl.java:1069)
	at com.mongodb.internal.connection.SocketStream.read(SocketStream.java:182)
	at com.mongodb.internal.connection.InternalStreamConnection.receiveResponseBuffers(InternalStreamConnection.java:824)
	... 4 common frames omitted
2025-07-04 20:19:32 - UNKNOWN - [cluster-ClusterId{value='6867aab8c0294c08b3b5cf81', description='null'}-ac-1ouplwk-shard-00-01.tlbmcml.mongodb.net:27017] INFO  org.mongodb.driver.cluster:76 - Exception in monitor thread while connecting to server ac-1ouplwk-shard-00-01.tlbmcml.mongodb.net:27017
com.mongodb.MongoSocketException: No such host is known (ac-1ouplwk-shard-00-01.tlbmcml.mongodb.net)
	at com.mongodb.internal.connection.ServerAddressHelper.getSocketAddresses(ServerAddressHelper.java:75)
	at com.mongodb.internal.connection.SocketStream.initializeSocket(SocketStream.java:100)
	at com.mongodb.internal.connection.SocketStream.open(SocketStream.java:79)
	at com.mongodb.internal.connection.InternalStreamConnection.open(InternalStreamConnection.java:233)
	at com.mongodb.internal.connection.DefaultServerMonitor$ServerMonitor.lookupServerDescription(DefaultServerMonitor.java:219)
	at com.mongodb.internal.connection.DefaultServerMonitor$ServerMonitor.run(DefaultServerMonitor.java:176)
Caused by: java.net.UnknownHostException: No such host is known (ac-1ouplwk-shard-00-01.tlbmcml.mongodb.net)
	at java.base/java.net.Inet6AddressImpl.lookupAllHostAddr(Native Method)
	at java.base/java.net.InetAddress$PlatformNameService.lookupAllHostAddr(InetAddress.java:934)
	at java.base/java.net.InetAddress.getAddressesFromNameService(InetAddress.java:1543)
	at java.base/java.net.InetAddress$NameServiceAddresses.get(InetAddress.java:852)
	at java.base/java.net.InetAddress.getAllByName0(InetAddress.java:1533)
	at java.base/java.net.InetAddress.getAllByName(InetAddress.java:1385)
	at java.base/java.net.InetAddress.getAllByName(InetAddress.java:1306)
	at com.mongodb.internal.connection.DefaultInetAddressResolver.lookupByName(DefaultInetAddressResolver.java:34)
	at com.mongodb.internal.connection.ServerAddressHelper.getSocketAddresses(ServerAddressHelper.java:71)
	... 5 common frames omitted
2025-07-04 20:19:32 - UNKNOWN - [cluster-ClusterId{value='6867aab8c0294c08b3b5cf81', description='null'}-ac-1ouplwk-shard-00-00.tlbmcml.mongodb.net:27017] INFO  org.mongodb.driver.cluster:76 - Exception in monitor thread while connecting to server ac-1ouplwk-shard-00-00.tlbmcml.mongodb.net:27017
com.mongodb.MongoSocketReadException: Exception receiving message
	at com.mongodb.internal.connection.InternalStreamConnection.translateReadException(InternalStreamConnection.java:809)
	at com.mongodb.internal.connection.InternalStreamConnection.receiveResponseBuffers(InternalStreamConnection.java:857)
	at com.mongodb.internal.connection.InternalStreamConnection.receiveCommandMessageResponse(InternalStreamConnection.java:517)
	at com.mongodb.internal.connection.InternalStreamConnection.receive(InternalStreamConnection.java:469)
	at com.mongodb.internal.connection.DefaultServerMonitor$ServerMonitor.lookupServerDescription(DefaultServerMonitor.java:249)
	at com.mongodb.internal.connection.DefaultServerMonitor$ServerMonitor.run(DefaultServerMonitor.java:176)
Caused by: java.net.SocketException: Connection reset
	at java.base/sun.nio.ch.NioSocketImpl.implRead(NioSocketImpl.java:328)
	at java.base/sun.nio.ch.NioSocketImpl.read(NioSocketImpl.java:355)
	at java.base/sun.nio.ch.NioSocketImpl$1.read(NioSocketImpl.java:808)
	at java.base/java.net.Socket$SocketInputStream.read(Socket.java:976)
	at java.base/sun.security.ssl.SSLSocketInputRecord.read(SSLSocketInputRecord.java:484)
	at java.base/sun.security.ssl.SSLSocketInputRecord.readHeader(SSLSocketInputRecord.java:478)
	at java.base/sun.security.ssl.SSLSocketInputRecord.bytesInCompletePacket(SSLSocketInputRecord.java:70)
	at java.base/sun.security.ssl.SSLSocketImpl.readApplicationRecord(SSLSocketImpl.java:1465)
	at java.base/sun.security.ssl.SSLSocketImpl$AppInputStream.read(SSLSocketImpl.java:1069)
	at com.mongodb.internal.connection.SocketStream.read(SocketStream.java:182)
	at com.mongodb.internal.connection.InternalStreamConnection.receiveResponseBuffers(InternalStreamConnection.java:824)
	... 4 common frames omitted
2025-07-04 20:19:32 - UNKNOWN - [cluster-ClusterId{value='6867aab8c0294c08b3b5cf81', description='null'}-ac-1ouplwk-shard-00-00.tlbmcml.mongodb.net:27017] INFO  org.mongodb.driver.cluster:76 - Exception in monitor thread while connecting to server ac-1ouplwk-shard-00-00.tlbmcml.mongodb.net:27017
com.mongodb.MongoSocketException: No such host is known (ac-1ouplwk-shard-00-00.tlbmcml.mongodb.net)
	at com.mongodb.internal.connection.ServerAddressHelper.getSocketAddresses(ServerAddressHelper.java:75)
	at com.mongodb.internal.connection.SocketStream.initializeSocket(SocketStream.java:100)
	at com.mongodb.internal.connection.SocketStream.open(SocketStream.java:79)
	at com.mongodb.internal.connection.InternalStreamConnection.open(InternalStreamConnection.java:233)
	at com.mongodb.internal.connection.DefaultServerMonitor$ServerMonitor.lookupServerDescription(DefaultServerMonitor.java:219)
	at com.mongodb.internal.connection.DefaultServerMonitor$ServerMonitor.run(DefaultServerMonitor.java:176)
Caused by: java.net.UnknownHostException: No such host is known (ac-1ouplwk-shard-00-00.tlbmcml.mongodb.net)
	at java.base/java.net.Inet6AddressImpl.lookupAllHostAddr(Native Method)
	at java.base/java.net.InetAddress$PlatformNameService.lookupAllHostAddr(InetAddress.java:934)
	at java.base/java.net.InetAddress.getAddressesFromNameService(InetAddress.java:1543)
	at java.base/java.net.InetAddress$NameServiceAddresses.get(InetAddress.java:852)
	at java.base/java.net.InetAddress.getAllByName0(InetAddress.java:1533)
	at java.base/java.net.InetAddress.getAllByName(InetAddress.java:1385)
	at java.base/java.net.InetAddress.getAllByName(InetAddress.java:1306)
	at com.mongodb.internal.connection.DefaultInetAddressResolver.lookupByName(DefaultInetAddressResolver.java:34)
	at com.mongodb.internal.connection.ServerAddressHelper.getSocketAddresses(ServerAddressHelper.java:71)
	... 5 common frames omitted
2025-07-04 20:19:42 - UNKNOWN - [cluster-ClusterId{value='6867aab8c0294c08b3b5cf81', description='null'}-ac-1ouplwk-shard-00-02.tlbmcml.mongodb.net:27017] INFO  org.mongodb.driver.cluster:71 - Monitor thread successfully connected to server with description ServerDescription{address=ac-1ouplwk-shard-00-02.tlbmcml.mongodb.net:27017, type=REPLICA_SET_PRIMARY, cryptd=false, state=CONNECTED, ok=true, minWireVersion=0, maxWireVersion=25, maxDocumentSize=16777216, logicalSessionTimeoutMinutes=30, roundTripTimeNanos=93742200, minRoundTripTimeNanos=0, setName='atlas-192ygx-shard-0', canonicalAddress=ac-1ouplwk-shard-00-02.tlbmcml.mongodb.net:27017, hosts=[ac-1ouplwk-shard-00-00.tlbmcml.mongodb.net:27017, ac-1ouplwk-shard-00-02.tlbmcml.mongodb.net:27017, ac-1ouplwk-shard-00-01.tlbmcml.mongodb.net:27017], passives=[], arbiters=[], primary='ac-1ouplwk-shard-00-02.tlbmcml.mongodb.net:27017', tagSet=TagSet{[Tag{name='availabilityZone', value='aps1-az2'}, Tag{name='diskState', value='READY'}, Tag{name='nodeType', value='ELECTABLE'}, Tag{name='provider', value='AWS'}, Tag{name='region', value='AP_SOUTH_1'}, Tag{name='workloadType', value='OPERATIONAL'}]}, electionId=7fffffff0000000000000026, setVersion=25, topologyVersion=TopologyVersion{processId=6867df34e5817937d6761e99, counter=6}, lastWriteDate=Fri Jul 04 20:19:40 IST 2025, lastUpdateTimeNanos=1488543476698100}
2025-07-04 20:19:42 - UNKNOWN - [cluster-ClusterId{value='6867aab8c0294c08b3b5cf81', description='null'}-ac-1ouplwk-shard-00-02.tlbmcml.mongodb.net:27017] INFO  org.mongodb.driver.cluster:71 - Discovered replica set primary ac-1ouplwk-shard-00-02.tlbmcml.mongodb.net:27017 with max election id 7fffffff0000000000000026 and max set version 25
2025-07-04 20:19:42 - UNKNOWN - [cluster-ClusterId{value='6867aab8c0294c08b3b5cf81', description='null'}-ac-1ouplwk-shard-00-01.tlbmcml.mongodb.net:27017] INFO  org.mongodb.driver.cluster:71 - Monitor thread successfully connected to server with description ServerDescription{address=ac-1ouplwk-shard-00-01.tlbmcml.mongodb.net:27017, type=REPLICA_SET_SECONDARY, cryptd=false, state=CONNECTED, ok=true, minWireVersion=0, maxWireVersion=25, maxDocumentSize=16777216, logicalSessionTimeoutMinutes=30, roundTripTimeNanos=108403600, minRoundTripTimeNanos=0, setName='atlas-192ygx-shard-0', canonicalAddress=ac-1ouplwk-shard-00-01.tlbmcml.mongodb.net:27017, hosts=[ac-1ouplwk-shard-00-00.tlbmcml.mongodb.net:27017, ac-1ouplwk-shard-00-02.tlbmcml.mongodb.net:27017, ac-1ouplwk-shard-00-01.tlbmcml.mongodb.net:27017], passives=[], arbiters=[], primary='ac-1ouplwk-shard-00-02.tlbmcml.mongodb.net:27017', tagSet=TagSet{[Tag{name='availabilityZone', value='aps1-az3'}, Tag{name='diskState', value='READY'}, Tag{name='nodeType', value='ELECTABLE'}, Tag{name='provider', value='AWS'}, Tag{name='region', value='AP_SOUTH_1'}, Tag{name='workloadType', value='OPERATIONAL'}]}, electionId=null, setVersion=25, topologyVersion=TopologyVersion{processId=6867df6a4f293ecd76eafc3b, counter=3}, lastWriteDate=Fri Jul 04 20:19:40 IST 2025, lastUpdateTimeNanos=1488543485210000}
2025-07-04 20:19:42 - UNKNOWN - [cluster-ClusterId{value='6867aab8c0294c08b3b5cf81', description='null'}-ac-1ouplwk-shard-00-00.tlbmcml.mongodb.net:27017] INFO  org.mongodb.driver.cluster:71 - Monitor thread successfully connected to server with description ServerDescription{address=ac-1ouplwk-shard-00-00.tlbmcml.mongodb.net:27017, type=REPLICA_SET_SECONDARY, cryptd=false, state=CONNECTED, ok=true, minWireVersion=0, maxWireVersion=25, maxDocumentSize=16777216, logicalSessionTimeoutMinutes=30, roundTripTimeNanos=116223100, minRoundTripTimeNanos=0, setName='atlas-192ygx-shard-0', canonicalAddress=ac-1ouplwk-shard-00-00.tlbmcml.mongodb.net:27017, hosts=[ac-1ouplwk-shard-00-00.tlbmcml.mongodb.net:27017, ac-1ouplwk-shard-00-02.tlbmcml.mongodb.net:27017, ac-1ouplwk-shard-00-01.tlbmcml.mongodb.net:27017], passives=[], arbiters=[], primary='ac-1ouplwk-shard-00-02.tlbmcml.mongodb.net:27017', tagSet=TagSet{[Tag{name='availabilityZone', value='aps1-az1'}, Tag{name='diskState', value='READY'}, Tag{name='nodeType', value='ELECTABLE'}, Tag{name='provider', value='AWS'}, Tag{name='region', value='AP_SOUTH_1'}, Tag{name='workloadType', value='OPERATIONAL'}]}, electionId=null, setVersion=25, topologyVersion=TopologyVersion{processId=6867defeb7e882e73291e745, counter=4}, lastWriteDate=Fri Jul 04 20:19:40 IST 2025, lastUpdateTimeNanos=1488543533798600}
