2025-07-05 19:20:03 - UNKNOWN - [background-preinit] INFO  o.h.validator.internal.util.Version:21 - HV000001: Hibernate Validator 8.0.2.Final
2025-07-05 19:20:03 - UNKNOWN - [restartedMain] INFO  c.l.gateway.ApiGatewayApplication:53 - Starting ApiGatewayApplication using Java 17.0.8 with PID 17844 (D:\java\Api-Gateway\build\classes\java\main started by ashis in D:\java\Api-Gateway)
2025-07-05 19:20:03 - UNKNOWN - [restartedMain] DEBUG c.l.gateway.ApiGatewayApplication:54 - Running with Spring Boot v3.5.3, Spring v6.2.8
2025-07-05 19:20:03 - UNKNOWN - [restartedMain] INFO  c.l.gateway.ApiGatewayApplication:652 - No active profile set, falling back to 1 default profile: "default"
2025-07-05 19:20:03 - UNKNOWN - [restartedMain] INFO  o.s.b.d.e.DevToolsPropertyDefaultsPostProcessor:252 - Devtools property defaults active! Set 'spring.devtools.add-properties' to 'false' to disable
2025-07-05 19:20:03 - UNKNOWN - [restartedMain] INFO  o.s.b.d.e.DevToolsPropertyDefaultsPostProcessor:252 - For additional web related logging consider setting the 'logging.level.web' property to 'DEBUG'
2025-07-05 19:20:05 - UNKNOWN - [restartedMain] INFO  o.s.d.r.c.RepositoryConfigurationDelegate:145 - Bootstrapping Spring Data MongoDB repositories in DEFAULT mode.
2025-07-05 19:20:05 - UNKNOWN - [restartedMain] INFO  o.s.d.r.c.RepositoryConfigurationDelegate:213 - Finished Spring Data repository scanning in 28 ms. Found 0 MongoDB repository interfaces.
2025-07-05 19:20:06 - UNKNOWN - [restartedMain] INFO  o.s.cloud.context.scope.GenericScope:280 - BeanFactory id=a77742ed-f2f0-3949-9196-24a3259b6147
2025-07-05 19:20:07 - UNKNOWN - [restartedMain] DEBUG c.l.gateway.config.MongoConfig:38 - MongoDB connection string: mongodb+srv://rachna_bharti:vXiJTE2lroaDdwa0@diagnostics.tlbmcml.mongodb.net/api-gateway?retryWrites=true&w=majority
2025-07-05 19:20:07 - UNKNOWN - [restartedMain] INFO  org.mongodb.driver.client:71 - MongoClient with metadata {"driver": {"name": "mongo-java-driver|sync", "version": "5.5.1"}, "os": {"type": "Windows", "name": "Windows 11", "architecture": "amd64", "version": "10.0"}, "platform": "Java/Azul Systems, Inc./17.0.8+7-LTS"} created with settings MongoClientSettings{readPreference=primary, writeConcern=WriteConcern{w=majority, wTimeout=null ms, journal=null}, retryWrites=true, retryReads=true, readConcern=ReadConcern{level=null}, credential=MongoCredential{mechanism=null, userName='rachna_bharti', source='admin', password=<hidden>, mechanismProperties=<hidden>}, transportSettings=null, commandListeners=[], codecRegistry=ProvidersCodecRegistry{codecProviders=[ValueCodecProvider{}, BsonValueCodecProvider{}, DBRefCodecProvider{}, DBObjectCodecProvider{}, DocumentCodecProvider{}, CollectionCodecProvider{}, IterableCodecProvider{}, MapCodecProvider{}, GeoJsonCodecProvider{}, GridFSFileCodecProvider{}, Jsr310CodecProvider{}, JsonObjectCodecProvider{}, BsonCodecProvider{}, EnumCodecProvider{}, com.mongodb.client.model.mql.ExpressionCodecProvider@43bf126f, com.mongodb.Jep395RecordCodecProvider@12c312b3, com.mongodb.KotlinCodecProvider@5f62a7ca]}, loggerSettings=LoggerSettings{maxDocumentLength=1000}, clusterSettings={hosts=[127.0.0.1:27017], srvHost=diagnostics.tlbmcml.mongodb.net, srvServiceName=mongodb, mode=MULTIPLE, requiredClusterType=REPLICA_SET, requiredReplicaSetName='atlas-192ygx-shard-0', serverSelector='null', clusterListeners='[]', serverSelectionTimeout='30000 ms', localThreshold='15 ms'}, socketSettings=SocketSettings{connectTimeoutMS=10000, readTimeoutMS=0, receiveBufferSize=0, proxySettings=ProxySettings{host=null, port=null, username=null, password=null}}, heartbeatSocketSettings=SocketSettings{connectTimeoutMS=10000, readTimeoutMS=10000, receiveBufferSize=0, proxySettings=ProxySettings{host=null, port=null, username=null, password=null}}, connectionPoolSettings=ConnectionPoolSettings{maxSize=100, minSize=0, maxWaitTimeMS=120000, maxConnectionLifeTimeMS=0, maxConnectionIdleTimeMS=0, maintenanceInitialDelayMS=0, maintenanceFrequencyMS=60000, connectionPoolListeners=[], maxConnecting=2}, serverSettings=ServerSettings{heartbeatFrequencyMS=10000, minHeartbeatFrequencyMS=500, serverMonitoringMode=AUTO, serverListeners='[]', serverMonitorListeners='[]'}, sslSettings=SslSettings{enabled=true, invalidHostNameAllowed=false, context=null}, applicationName='null', compressorList=[], uuidRepresentation=UNSPECIFIED, serverApi=null, autoEncryptionSettings=null, dnsClient=null, inetAddressResolver=null, contextProvider=null, timeoutMS=null}
2025-07-05 19:20:07 - UNKNOWN - [cluster-ClusterId{value='68692d8fbfcbe4765bf956f8', description='null'}-srv-diagnostics.tlbmcml.mongodb.net] INFO  org.mongodb.driver.cluster:71 - Adding discovered server ac-1ouplwk-shard-00-00.tlbmcml.mongodb.net:27017 to client view of cluster
2025-07-05 19:20:07 - UNKNOWN - [cluster-ClusterId{value='68692d8fbfcbe4765bf956f8', description='null'}-srv-diagnostics.tlbmcml.mongodb.net] INFO  org.mongodb.driver.cluster:71 - Adding discovered server ac-1ouplwk-shard-00-01.tlbmcml.mongodb.net:27017 to client view of cluster
2025-07-05 19:20:07 - UNKNOWN - [cluster-ClusterId{value='68692d8fbfcbe4765bf956f8', description='null'}-srv-diagnostics.tlbmcml.mongodb.net] INFO  org.mongodb.driver.cluster:71 - Adding discovered server ac-1ouplwk-shard-00-02.tlbmcml.mongodb.net:27017 to client view of cluster
2025-07-05 19:20:08 - UNKNOWN - [cluster-ClusterId{value='68692d8fbfcbe4765bf956f8', description='null'}-ac-1ouplwk-shard-00-00.tlbmcml.mongodb.net:27017] INFO  org.mongodb.driver.cluster:71 - Monitor thread successfully connected to server with description ServerDescription{address=ac-1ouplwk-shard-00-00.tlbmcml.mongodb.net:27017, type=REPLICA_SET_SECONDARY, cryptd=false, state=CONNECTED, ok=true, minWireVersion=0, maxWireVersion=25, maxDocumentSize=16777216, logicalSessionTimeoutMinutes=30, roundTripTimeNanos=415249000, minRoundTripTimeNanos=0, setName='atlas-192ygx-shard-0', canonicalAddress=ac-1ouplwk-shard-00-00.tlbmcml.mongodb.net:27017, hosts=[ac-1ouplwk-shard-00-00.tlbmcml.mongodb.net:27017, ac-1ouplwk-shard-00-02.tlbmcml.mongodb.net:27017, ac-1ouplwk-shard-00-01.tlbmcml.mongodb.net:27017], passives=[], arbiters=[], primary='ac-1ouplwk-shard-00-02.tlbmcml.mongodb.net:27017', tagSet=TagSet{[Tag{name='availabilityZone', value='aps1-az1'}, Tag{name='diskState', value='READY'}, Tag{name='nodeType', value='ELECTABLE'}, Tag{name='provider', value='AWS'}, Tag{name='region', value='AP_SOUTH_1'}, Tag{name='workloadType', value='OPERATIONAL'}]}, electionId=null, setVersion=25, topologyVersion=TopologyVersion{processId=6867defeb7e882e73291e745, counter=4}, lastWriteDate=Sat Jul 05 19:20:07 IST 2025, lastUpdateTimeNanos=1571375043917400}
2025-07-05 19:20:08 - UNKNOWN - [cluster-ClusterId{value='68692d8fbfcbe4765bf956f8', description='null'}-ac-1ouplwk-shard-00-02.tlbmcml.mongodb.net:27017] INFO  org.mongodb.driver.cluster:71 - Monitor thread successfully connected to server with description ServerDescription{address=ac-1ouplwk-shard-00-02.tlbmcml.mongodb.net:27017, type=REPLICA_SET_PRIMARY, cryptd=false, state=CONNECTED, ok=true, minWireVersion=0, maxWireVersion=25, maxDocumentSize=16777216, logicalSessionTimeoutMinutes=30, roundTripTimeNanos=415204600, minRoundTripTimeNanos=0, setName='atlas-192ygx-shard-0', canonicalAddress=ac-1ouplwk-shard-00-02.tlbmcml.mongodb.net:27017, hosts=[ac-1ouplwk-shard-00-00.tlbmcml.mongodb.net:27017, ac-1ouplwk-shard-00-02.tlbmcml.mongodb.net:27017, ac-1ouplwk-shard-00-01.tlbmcml.mongodb.net:27017], passives=[], arbiters=[], primary='ac-1ouplwk-shard-00-02.tlbmcml.mongodb.net:27017', tagSet=TagSet{[Tag{name='availabilityZone', value='aps1-az2'}, Tag{name='diskState', value='READY'}, Tag{name='nodeType', value='ELECTABLE'}, Tag{name='provider', value='AWS'}, Tag{name='region', value='AP_SOUTH_1'}, Tag{name='workloadType', value='OPERATIONAL'}]}, electionId=7fffffff0000000000000026, setVersion=25, topologyVersion=TopologyVersion{processId=6867df34e5817937d6761e99, counter=6}, lastWriteDate=Sat Jul 05 19:20:07 IST 2025, lastUpdateTimeNanos=1571375043875100}
2025-07-05 19:20:08 - UNKNOWN - [cluster-ClusterId{value='68692d8fbfcbe4765bf956f8', description='null'}-ac-1ouplwk-shard-00-01.tlbmcml.mongodb.net:27017] INFO  org.mongodb.driver.cluster:71 - Monitor thread successfully connected to server with description ServerDescription{address=ac-1ouplwk-shard-00-01.tlbmcml.mongodb.net:27017, type=REPLICA_SET_SECONDARY, cryptd=false, state=CONNECTED, ok=true, minWireVersion=0, maxWireVersion=25, maxDocumentSize=16777216, logicalSessionTimeoutMinutes=30, roundTripTimeNanos=415196600, minRoundTripTimeNanos=0, setName='atlas-192ygx-shard-0', canonicalAddress=ac-1ouplwk-shard-00-01.tlbmcml.mongodb.net:27017, hosts=[ac-1ouplwk-shard-00-00.tlbmcml.mongodb.net:27017, ac-1ouplwk-shard-00-02.tlbmcml.mongodb.net:27017, ac-1ouplwk-shard-00-01.tlbmcml.mongodb.net:27017], passives=[], arbiters=[], primary='ac-1ouplwk-shard-00-02.tlbmcml.mongodb.net:27017', tagSet=TagSet{[Tag{name='availabilityZone', value='aps1-az3'}, Tag{name='diskState', value='READY'}, Tag{name='nodeType', value='ELECTABLE'}, Tag{name='provider', value='AWS'}, Tag{name='region', value='AP_SOUTH_1'}, Tag{name='workloadType', value='OPERATIONAL'}]}, electionId=null, setVersion=25, topologyVersion=TopologyVersion{processId=6867df6a4f293ecd76eafc3b, counter=3}, lastWriteDate=Sat Jul 05 19:20:07 IST 2025, lastUpdateTimeNanos=1571375043875300}
2025-07-05 19:20:08 - UNKNOWN - [cluster-ClusterId{value='68692d8fbfcbe4765bf956f8', description='null'}-ac-1ouplwk-shard-00-02.tlbmcml.mongodb.net:27017] INFO  org.mongodb.driver.cluster:71 - Discovered replica set primary ac-1ouplwk-shard-00-02.tlbmcml.mongodb.net:27017 with max election id 7fffffff0000000000000026 and max set version 25
2025-07-05 19:20:08 - UNKNOWN - [restartedMain] DEBUG c.l.gateway.config.SecurityConfig:32 - Configuring security for the API Gateway
2025-07-05 19:20:09 - UNKNOWN - [restartedMain] INFO  o.s.c.g.r.RouteDefinitionRouteLocator:89 - Loaded RoutePredicateFactory [After]
2025-07-05 19:20:09 - UNKNOWN - [restartedMain] INFO  o.s.c.g.r.RouteDefinitionRouteLocator:89 - Loaded RoutePredicateFactory [Before]
2025-07-05 19:20:09 - UNKNOWN - [restartedMain] INFO  o.s.c.g.r.RouteDefinitionRouteLocator:89 - Loaded RoutePredicateFactory [Between]
2025-07-05 19:20:09 - UNKNOWN - [restartedMain] INFO  o.s.c.g.r.RouteDefinitionRouteLocator:89 - Loaded RoutePredicateFactory [Cookie]
2025-07-05 19:20:09 - UNKNOWN - [restartedMain] INFO  o.s.c.g.r.RouteDefinitionRouteLocator:89 - Loaded RoutePredicateFactory [Header]
2025-07-05 19:20:09 - UNKNOWN - [restartedMain] INFO  o.s.c.g.r.RouteDefinitionRouteLocator:89 - Loaded RoutePredicateFactory [Host]
2025-07-05 19:20:09 - UNKNOWN - [restartedMain] INFO  o.s.c.g.r.RouteDefinitionRouteLocator:89 - Loaded RoutePredicateFactory [Method]
2025-07-05 19:20:09 - UNKNOWN - [restartedMain] INFO  o.s.c.g.r.RouteDefinitionRouteLocator:89 - Loaded RoutePredicateFactory [Path]
2025-07-05 19:20:09 - UNKNOWN - [restartedMain] INFO  o.s.c.g.r.RouteDefinitionRouteLocator:89 - Loaded RoutePredicateFactory [Query]
2025-07-05 19:20:09 - UNKNOWN - [restartedMain] INFO  o.s.c.g.r.RouteDefinitionRouteLocator:89 - Loaded RoutePredicateFactory [ReadBody]
2025-07-05 19:20:09 - UNKNOWN - [restartedMain] INFO  o.s.c.g.r.RouteDefinitionRouteLocator:89 - Loaded RoutePredicateFactory [RemoteAddr]
2025-07-05 19:20:09 - UNKNOWN - [restartedMain] INFO  o.s.c.g.r.RouteDefinitionRouteLocator:89 - Loaded RoutePredicateFactory [XForwardedRemoteAddr]
2025-07-05 19:20:09 - UNKNOWN - [restartedMain] INFO  o.s.c.g.r.RouteDefinitionRouteLocator:89 - Loaded RoutePredicateFactory [Weight]
2025-07-05 19:20:09 - UNKNOWN - [restartedMain] INFO  o.s.c.g.r.RouteDefinitionRouteLocator:89 - Loaded RoutePredicateFactory [CloudFoundryRouteService]
2025-07-05 19:20:09 - UNKNOWN - [restartedMain] INFO  o.s.b.d.a.OptionalLiveReloadServer:59 - LiveReload server is running on port 35729
2025-07-05 19:20:10 - UNKNOWN - [restartedMain] INFO  o.s.b.w.e.netty.NettyWebServer:126 - Netty started on port 8080 (http)
2025-07-05 19:20:10 - UNKNOWN - [restartedMain] INFO  c.l.gateway.ApiGatewayApplication:59 - Started ApiGatewayApplication in 7.065 seconds (process running for 8.383)
2025-07-05 19:20:26 - UNKNOWN - [reactor-http-nio-3] DEBUG c.l.g.f.PreGlobalHeaderInjectionFilter:27 - PreGlobalHeaderInjectionFilter is invoked for request: http://localhost:8080/api/v1/auth/login
2025-07-05 19:20:26 - 362743b6-7bf8-4eee-904b-544b94d9ecc9 - [reactor-http-nio-3] DEBUG c.l.g.f.PreGlobalHeaderInjectionFilter:43 - Injected header X-Tracking-Id with value 362743b6-7bf8-4eee-904b-544b94d9ecc9 into the request
2025-07-05 19:20:26 - 362743b6-7bf8-4eee-904b-544b94d9ecc9 - [reactor-http-nio-3] DEBUG c.l.g.f.JwtAuthenticationConverter:18 - JwtAuthenticationConverter is invoked for request: http://localhost:8080/api/v1/auth/login
2025-07-05 19:20:26 - 362743b6-7bf8-4eee-904b-544b94d9ecc9 - [reactor-http-nio-3] DEBUG c.l.g.f.JwtHeaderAugmentationFilter:22 - JwtHeaderAugmentationFilter is invoked for request: http://localhost:8080/api/v1/auth/login
2025-07-05 19:20:26 - UNKNOWN - [parallel-1] DEBUG c.l.g.f.JwtAuthenticationConverter:18 - JwtAuthenticationConverter is invoked for request: http://localhost:8080/api/v1/auth/login
2025-07-05 19:20:26 - UNKNOWN - [parallel-1] DEBUG c.l.g.f.JwtHeaderAugmentationFilter:22 - JwtHeaderAugmentationFilter is invoked for request: http://localhost:8080/api/v1/auth/login
2025-07-05 19:22:25 - UNKNOWN - [reactor-http-nio-7] DEBUG c.l.g.f.PreGlobalHeaderInjectionFilter:27 - PreGlobalHeaderInjectionFilter is invoked for request: http://localhost:8080/api/v1/auth/login
2025-07-05 19:22:25 - 2d760506-82b5-4010-a183-6c8440f62f9c - [reactor-http-nio-7] DEBUG c.l.g.f.PreGlobalHeaderInjectionFilter:43 - Injected header X-Tracking-Id with value 2d760506-82b5-4010-a183-6c8440f62f9c into the request
2025-07-05 19:22:25 - 2d760506-82b5-4010-a183-6c8440f62f9c - [reactor-http-nio-7] DEBUG c.l.g.f.JwtAuthenticationConverter:18 - JwtAuthenticationConverter is invoked for request: http://localhost:8080/api/v1/auth/login
2025-07-05 19:22:25 - 2d760506-82b5-4010-a183-6c8440f62f9c - [reactor-http-nio-7] DEBUG c.l.g.f.JwtHeaderAugmentationFilter:22 - JwtHeaderAugmentationFilter is invoked for request: http://localhost:8080/api/v1/auth/login
2025-07-05 19:22:25 - UNKNOWN - [parallel-2] DEBUG c.l.g.f.JwtAuthenticationConverter:18 - JwtAuthenticationConverter is invoked for request: http://localhost:8080/api/v1/auth/login
2025-07-05 19:22:25 - UNKNOWN - [parallel-2] DEBUG c.l.g.f.JwtHeaderAugmentationFilter:22 - JwtHeaderAugmentationFilter is invoked for request: http://localhost:8080/api/v1/auth/login
2025-07-05 19:22:55 - UNKNOWN - [reactor-http-nio-8] WARN  r.n.http.client.HttpClientConnect:304 - [b88ac426-1, L:/127.0.0.1:60963 - R:localhost/127.0.0.1:8081] The connection observed an error
java.net.SocketException: Connection reset
	at java.base/sun.nio.ch.SocketChannelImpl.throwConnectionReset(SocketChannelImpl.java:394)
	at java.base/sun.nio.ch.SocketChannelImpl.read(SocketChannelImpl.java:426)
	at io.netty.buffer.PooledByteBuf.setBytes(PooledByteBuf.java:255)
	at io.netty.buffer.AbstractByteBuf.writeBytes(AbstractByteBuf.java:1132)
	at io.netty.channel.socket.nio.NioSocketChannel.doReadBytes(NioSocketChannel.java:356)
	at io.netty.channel.nio.AbstractNioByteChannel$NioByteUnsafe.read(AbstractNioByteChannel.java:151)
	at io.netty.channel.nio.NioEventLoop.processSelectedKey(NioEventLoop.java:796)
	at io.netty.channel.nio.NioEventLoop.processSelectedKeysOptimized(NioEventLoop.java:732)
	at io.netty.channel.nio.NioEventLoop.processSelectedKeys(NioEventLoop.java:658)
	at io.netty.channel.nio.NioEventLoop.run(NioEventLoop.java:562)
	at io.netty.util.concurrent.SingleThreadEventExecutor$4.run(SingleThreadEventExecutor.java:998)
	at io.netty.util.internal.ThreadExecutorMap$2.run(ThreadExecutorMap.java:74)
	at io.netty.util.concurrent.FastThreadLocalRunnable.run(FastThreadLocalRunnable.java:30)
	at java.base/java.lang.Thread.run(Thread.java:833)
2025-07-05 19:22:55 - UNKNOWN - [reactor-http-nio-8] ERROR o.s.b.a.w.r.e.AbstractErrorWebExceptionHandler:102 - [84899936-2]  500 Server Error for HTTP POST "/api/v1/auth/login"
java.net.SocketException: Connection reset
	at java.base/sun.nio.ch.SocketChannelImpl.throwConnectionReset(SocketChannelImpl.java:394)
	Suppressed: reactor.core.publisher.FluxOnAssembly$OnAssemblyException: 
Error has been observed at the following site(s):
	*__checkpoint ? com.learning.gateway.filter.JwtHeaderAugmentationFilter [DefaultWebFilterChain]
	*__checkpoint ? com.learning.gateway.filter.JwtAuthenticationFilter [DefaultWebFilterChain]
	*__checkpoint ? org.springframework.cloud.gateway.filter.WeightCalculatorWebFilter [DefaultWebFilterChain]
	*__checkpoint ? org.springframework.security.web.server.authorization.AuthorizationWebFilter [DefaultWebFilterChain]
	*__checkpoint ? org.springframework.security.web.server.authorization.ExceptionTranslationWebFilter [DefaultWebFilterChain]
	*__checkpoint ? org.springframework.security.web.server.authentication.logout.LogoutWebFilter [DefaultWebFilterChain]
	*__checkpoint ? org.springframework.security.web.server.savedrequest.ServerRequestCacheWebFilter [DefaultWebFilterChain]
	*__checkpoint ? org.springframework.security.web.server.context.SecurityContextServerWebExchangeWebFilter [DefaultWebFilterChain]
	*__checkpoint ? com.learning.gateway.filter.JwtHeaderAugmentationFilter [DefaultWebFilterChain]
	*__checkpoint ? com.learning.gateway.filter.JwtAuthenticationFilter [DefaultWebFilterChain]
	*__checkpoint ? org.springframework.security.web.server.context.ReactorContextWebFilter [DefaultWebFilterChain]
	*__checkpoint ? org.springframework.security.web.server.header.HttpHeaderWriterWebFilter [DefaultWebFilterChain]
	*__checkpoint ? org.springframework.security.config.web.server.ServerHttpSecurity$ServerWebExchangeReactorContextWebFilter [DefaultWebFilterChain]
	*__checkpoint ? org.springframework.security.web.server.WebFilterChainProxy [DefaultWebFilterChain]
	*__checkpoint ? com.learning.gateway.filter.PreGlobalHeaderInjectionFilter [DefaultWebFilterChain]
	*__checkpoint ? HTTP POST "/api/v1/auth/login" [ExceptionHandlingWebHandler]
Original Stack Trace:
		at java.base/sun.nio.ch.SocketChannelImpl.throwConnectionReset(SocketChannelImpl.java:394)
		at java.base/sun.nio.ch.SocketChannelImpl.read(SocketChannelImpl.java:426)
		at io.netty.buffer.PooledByteBuf.setBytes(PooledByteBuf.java:255)
		at io.netty.buffer.AbstractByteBuf.writeBytes(AbstractByteBuf.java:1132)
		at io.netty.channel.socket.nio.NioSocketChannel.doReadBytes(NioSocketChannel.java:356)
		at io.netty.channel.nio.AbstractNioByteChannel$NioByteUnsafe.read(AbstractNioByteChannel.java:151)
		at io.netty.channel.nio.NioEventLoop.processSelectedKey(NioEventLoop.java:796)
		at io.netty.channel.nio.NioEventLoop.processSelectedKeysOptimized(NioEventLoop.java:732)
		at io.netty.channel.nio.NioEventLoop.processSelectedKeys(NioEventLoop.java:658)
		at io.netty.channel.nio.NioEventLoop.run(NioEventLoop.java:562)
		at io.netty.util.concurrent.SingleThreadEventExecutor$4.run(SingleThreadEventExecutor.java:998)
		at io.netty.util.internal.ThreadExecutorMap$2.run(ThreadExecutorMap.java:74)
		at io.netty.util.concurrent.FastThreadLocalRunnable.run(FastThreadLocalRunnable.java:30)
		at java.base/java.lang.Thread.run(Thread.java:833)
2025-07-05 19:24:59 - UNKNOWN - [reactor-http-nio-10] DEBUG c.l.g.f.PreGlobalHeaderInjectionFilter:27 - PreGlobalHeaderInjectionFilter is invoked for request: http://localhost:8080/api/v1/auth/login
2025-07-05 19:24:59 - cd28778a-91a4-43d5-865c-eeac7e2760dd - [reactor-http-nio-10] DEBUG c.l.g.f.PreGlobalHeaderInjectionFilter:43 - Injected header X-Tracking-Id with value cd28778a-91a4-43d5-865c-eeac7e2760dd into the request
2025-07-05 19:24:59 - cd28778a-91a4-43d5-865c-eeac7e2760dd - [reactor-http-nio-10] DEBUG c.l.g.f.JwtAuthenticationConverter:18 - JwtAuthenticationConverter is invoked for request: http://localhost:8080/api/v1/auth/login
2025-07-05 19:24:59 - cd28778a-91a4-43d5-865c-eeac7e2760dd - [reactor-http-nio-10] DEBUG c.l.g.f.JwtHeaderAugmentationFilter:22 - JwtHeaderAugmentationFilter is invoked for request: http://localhost:8080/api/v1/auth/login
2025-07-05 19:24:59 - UNKNOWN - [parallel-3] DEBUG c.l.g.f.JwtAuthenticationConverter:18 - JwtAuthenticationConverter is invoked for request: http://localhost:8080/api/v1/auth/login
2025-07-05 19:24:59 - UNKNOWN - [parallel-3] DEBUG c.l.g.f.JwtHeaderAugmentationFilter:22 - JwtHeaderAugmentationFilter is invoked for request: http://localhost:8080/api/v1/auth/login
2025-07-05 19:28:09 - UNKNOWN - [reactor-http-nio-13] DEBUG c.l.g.f.PreGlobalHeaderInjectionFilter:27 - PreGlobalHeaderInjectionFilter is invoked for request: http://localhost:8080/api/v1/auth/login
2025-07-05 19:28:09 - 3312dc87-d00f-4f87-b285-383322658e6b - [reactor-http-nio-13] DEBUG c.l.g.f.PreGlobalHeaderInjectionFilter:43 - Injected header X-Tracking-Id with value 3312dc87-d00f-4f87-b285-383322658e6b into the request
2025-07-05 19:28:09 - 3312dc87-d00f-4f87-b285-383322658e6b - [reactor-http-nio-13] DEBUG c.l.g.f.JwtAuthenticationConverter:18 - JwtAuthenticationConverter is invoked for request: http://localhost:8080/api/v1/auth/login
2025-07-05 19:28:09 - 3312dc87-d00f-4f87-b285-383322658e6b - [reactor-http-nio-13] DEBUG c.l.g.f.JwtHeaderAugmentationFilter:22 - JwtHeaderAugmentationFilter is invoked for request: http://localhost:8080/api/v1/auth/login
2025-07-05 19:28:09 - UNKNOWN - [parallel-4] DEBUG c.l.g.f.JwtAuthenticationConverter:18 - JwtAuthenticationConverter is invoked for request: http://localhost:8080/api/v1/auth/login
2025-07-05 19:28:09 - UNKNOWN - [parallel-4] DEBUG c.l.g.f.JwtHeaderAugmentationFilter:22 - JwtHeaderAugmentationFilter is invoked for request: http://localhost:8080/api/v1/auth/login
